2026-03-14 14:51:41 — INFO — INPUT SMILE: CCCC[N+]1(CCCC1)C
2026-03-14 14:51:41 — INFO — NUMBER OF OPTIMIZATIONS: 2
2026-03-14 14:51:41 — INFO — Generating molecule from input SMILES: CCCC[N+]1(CCCC1)C
2026-03-14 14:51:41 — INFO — Center of mass position: -0.147  0.046  0.005
2026-03-14 14:51:41 — INFO — Closest atom to the center of mass: N  4 with distance :  0.714  (A) 
2026-03-14 14:51:41 — INFO — MOLECULE CHARGE USED: 1
2026-03-14 14:51:41 — INFO — CHARGE ALGORITHM USED: CM1A
2026-03-14 14:51:41 — INFO — RESIDUE NAME USED: 1-Butyl-1-methylpyrrolidinium_plus
2026-03-14 14:51:41 — INFO — Parsing Bonds, Angles and dihedrals
2026-03-14 14:51:41 — INFO — Parsing Atoms
2026-03-14 14:51:41 — INFO — --- SUMMARY MOLECULE STRUCTURE ---
2026-03-14 14:51:41 — INFO — Number of Atoms: 33
2026-03-14 14:51:41 — INFO — Number of Variable Bonds: 29
2026-03-14 14:51:41 — INFO — Number of Additional Bonds: 1
2026-03-14 14:51:41 — INFO — Number of Variable Angles: 28
2026-03-14 14:51:41 — INFO — Number of Additional Angles: 32
2026-03-14 14:51:41 — INFO — Number of Variable Torsions: 27
2026-03-14 14:51:41 — INFO — Number of Additional Torsions: 63
2026-03-14 14:51:41 — INFO — Number of excluded Atoms: 0
2026-03-14 14:51:41 — INFO — Generating Zmat
2026-03-14 14:51:41 — INFO — Running BOSS
2026-03-14 14:51:45 — INFO — Running BOSS optimization ... 1
2026-03-14 14:51:46 — INFO — Running BOSS optimization ... 2
2026-03-14 14:51:47 — INFO — Parsing BOSS molecule outputs
2026-03-14 14:51:47 — INFO — Generating Q inputs
2026-03-14 14:51:47 — INFO — Generating Gromacs inputs
2026-03-14 14:51:47 — INFO — Generating CHARMM/NAMD inputs
2026-03-14 14:51:47 — INFO — Generating TINKER inputs
2026-03-14 14:51:47 — INFO — Generating openMM inputs
2026-03-14 14:51:47 — INFO — Generating PQR inputs
2026-03-14 14:51:47 — INFO — Generating DESMOND inputs
2026-03-14 14:51:47 — INFO — Generating LAMMPS inputs
2026-03-14 14:51:47 — INFO — Generating XPLOR inputs
2026-03-14 14:51:47 — INFO —             
    
                    LigParGen finished succesfully!
    
    Please do not forget to cite the following references: 

        1. LigParGen web server: an automatic OPLS-AA parameter generator for organic ligands  
           Leela S. Dodda  Israel Cabeza de Vaca  Julian Tirado-Rives William L. Jorgensen 
           Nucleic Acids Research, Volume 45, Issue W1, 3 July 2017, Pages W331–W336

        2. 1.14*CM1A-LBCC: Localized Bond-Charge Corrected CM1A Charges for Condensed-Phase Simulations
    
