2026-03-14 14:51:52 — INFO — INPUT FILE: /home/users/Beom/work/1.Project/0.automization/automization_lammps_input/1.mol2_2_lt_after_run/input_files/CO2.mol2
2026-03-14 14:51:52 — INFO — NUMBER OF OPTIMIZATIONS: 0
2026-03-14 14:51:52 — INFO — Parsing molecule from input: /home/users/Beom/work/1.Project/0.automization/automization_lammps_input/1.mol2_2_lt_after_run/input_files/CO2.mol2
2026-03-14 14:51:52 — INFO — Retreiving atom names form MOL:/home/users/Beom/work/1.Project/0.automization/automization_lammps_input/1.mol2_2_lt_after_run/input_files/CO2.mol2
2026-03-14 14:51:52 — INFO — Center of mass position:  0.002 -0.022  0.415
2026-03-14 14:51:52 — INFO — Closest atom to the center of mass: C  0 with distance :  0.415  (A) 
2026-03-14 14:51:52 — INFO — MOLECULE CHARGE USED: 0
2026-03-14 14:51:52 — INFO — CHARGE ALGORITHM USED: CM1A
2026-03-14 14:51:52 — INFO — RESIDUE NAME USED: CO2
2026-03-14 14:51:52 — INFO — Parsing Bonds, Angles and dihedrals
2026-03-14 14:51:52 — INFO — Parsing Atoms
2026-03-14 14:51:52 — INFO — --- SUMMARY MOLECULE STRUCTURE ---
2026-03-14 14:51:52 — INFO — Number of Atoms: 6
2026-03-14 14:51:52 — INFO — Number of Variable Bonds: 2
2026-03-14 14:51:52 — INFO — Number of Additional Bonds: 0
2026-03-14 14:51:52 — INFO — Number of Variable Angles: 1
2026-03-14 14:51:52 — INFO — Number of Additional Angles: 0
2026-03-14 14:51:52 — INFO — Number of Variable Torsions: 0
2026-03-14 14:51:52 — INFO — Number of Additional Torsions: 0
2026-03-14 14:51:52 — INFO — Number of excluded Atoms: 0
2026-03-14 14:51:52 — INFO — Generating Zmat
2026-03-14 14:51:52 — INFO — Running BOSS
2026-03-14 14:51:53 — INFO — Parsing BOSS molecule outputs
2026-03-14 14:51:53 — WARNING — Duplicate names in input file found! Using new generated names
2026-03-14 14:51:53 — WARNING — Duplicate names in input file found! Using new generated names
2026-03-14 14:51:53 — WARNING — Duplicate names in input file found! Using new generated names
2026-03-14 14:51:53 — INFO — Generating Q inputs
2026-03-14 14:51:53 — INFO — Generating Gromacs inputs
2026-03-14 14:51:53 — INFO — Generating CHARMM/NAMD inputs
2026-03-14 14:51:53 — INFO — Generating TINKER inputs
2026-03-14 14:51:53 — INFO — Generating openMM inputs
2026-03-14 14:51:53 — INFO — Generating PQR inputs
2026-03-14 14:51:53 — INFO — Generating DESMOND inputs
2026-03-14 14:51:53 — INFO — Generating LAMMPS inputs
2026-03-14 14:51:53 — INFO — Generating XPLOR inputs
2026-03-14 14:51:53 — INFO —             
    
                    LigParGen finished succesfully!
    
    Please do not forget to cite the following references: 

        1. LigParGen web server: an automatic OPLS-AA parameter generator for organic ligands  
           Leela S. Dodda  Israel Cabeza de Vaca  Julian Tirado-Rives William L. Jorgensen 
           Nucleic Acids Research, Volume 45, Issue W1, 3 July 2017, Pages W331–W336

        2. 1.14*CM1A-LBCC: Localized Bond-Charge Corrected CM1A Charges for Condensed-Phase Simulations
    
